<?xml version="1.0" encoding="UTF-8"?>
<robot generator="Robot 7.3.2 (Python 3.12.3 on linux)" generated="2025-10-07T11:03:52.484065" rpa="false" schemaversion="5">
<suite id="s1" name="Signup" source="/home/rafael/Compass/PB-Quality-Engineering/Documentos/Semana 15 - Challenge Final/cinemaApp-tests/frontend/tests/signup.robot">
<kw name="Start Session" owner="base" type="SETUP">
<kw name="Open Browser" owner="SeleniumLibrary">
<msg time="2025-10-07T11:03:52.882351" level="INFO">Opening browser 'chrome' to base url 'http://localhost:3002'.</msg>
<msg time="2025-10-07T11:04:17.354645" level="INFO">Cannot capture screenshot because no browser is open.</msg>
<msg time="2025-10-07T11:04:17.355310" level="FAIL">NoSuchDriverException: Message: Unable to obtain driver for chrome; For documentation on this error, please visit: https://www.selenium.dev/documentation/webdriver/troubleshooting/errors/driver_location
</msg>
<arg>${BASE_URL}</arg>
<arg>chrome</arg>
<doc>Opens a new browser instance to the optional ``url``.</doc>
<status status="FAIL" start="2025-10-07T11:03:52.882045" elapsed="24.482180">NoSuchDriverException: Message: Unable to obtain driver for chrome; For documentation on this error, please visit: https://www.selenium.dev/documentation/webdriver/troubleshooting/errors/driver_location
</status>
</kw>
<status status="FAIL" start="2025-10-07T11:03:52.881136" elapsed="24.483857">NoSuchDriverException: Message: Unable to obtain driver for chrome; For documentation on this error, please visit: https://www.selenium.dev/documentation/webdriver/troubleshooting/errors/driver_location
</status>
</kw>
<test id="s1-t1" name="CADASTRAR UM USUARIO" line="10">
<status status="FAIL" start="2025-10-07T11:04:17.365386" elapsed="0.000821">Parent suite setup failed:
NoSuchDriverException: Message: Unable to obtain driver for chrome; For documentation on this error, please visit: https://www.selenium.dev/documentation/webdriver/troubleshooting/errors/driver_location
</status>
</test>
<doc>Cenários de teste para cadastro de usuário</doc>
<status status="FAIL" start="2025-10-07T11:03:52.487017" elapsed="24.880469">Suite setup failed:
NoSuchDriverException: Message: Unable to obtain driver for chrome; For documentation on this error, please visit: https://www.selenium.dev/documentation/webdriver/troubleshooting/errors/driver_location
</status>
</suite>
<statistics>
<total>
<stat pass="0" fail="1" skip="0">All Tests</stat>
</total>
<tag>
</tag>
<suite>
<stat name="Signup" id="s1" pass="0" fail="1" skip="0">Signup</stat>
</suite>
</statistics>
<errors>
</errors>
</robot>
